TN:
SF:.eslintrc.cjs
FN:1,(empty-report)
FNF:1
FNH:0
FNDA:0,(empty-report)
DA:1,0
DA:2,0
DA:3,0
DA:4,0
DA:5,0
DA:6,0
DA:7,0
DA:8,0
DA:9,0
DA:10,0
DA:11,0
DA:12,0
DA:13,0
DA:14,0
DA:15,0
DA:16,0
DA:17,0
DA:18,0
DA:19,0
DA:20,0
DA:21,0
LF:21
LH:0
BRDA:1,0,0,0
BRF:1
BRH:0
end_of_record
TN:
SF:postcss.config.cjs
FN:1,(empty-report)
FNF:1
FNH:0
FNDA:0,(empty-report)
DA:1,0
DA:2,0
DA:3,0
DA:4,0
DA:5,0
DA:6,0
LF:6
LH:0
BRDA:1,0,0,0
BRF:1
BRH:0
end_of_record
TN:
SF:src\App.jsx
FN:7,App
FN:10,handleDocumentReady
FN:14,handleNewDocument
FNF:3
FNH:1
FNDA:3,App
FNDA:0,handleDocumentReady
FNDA:0,handleNewDocument
DA:1,1
DA:2,1
DA:3,1
DA:4,1
DA:5,1
DA:6,1
DA:7,3
DA:8,3
DA:9,3
DA:10,3
DA:11,0
DA:12,0
DA:13,3
DA:14,3
DA:15,0
DA:16,0
DA:17,3
DA:18,3
DA:19,3
DA:20,3
DA:21,3
DA:22,3
DA:23,3
DA:24,3
DA:25,3
DA:26,3
DA:27,3
DA:28,0
DA:29,0
DA:30,0
DA:31,0
DA:32,0
DA:33,0
DA:34,3
DA:35,3
DA:36,3
DA:37,3
DA:38,3
DA:39,3
DA:40,3
DA:41,3
DA:42,3
DA:43,3
DA:44,0
DA:45,0
DA:46,3
DA:47,3
DA:48,3
DA:49,3
DA:50,3
DA:51,3
DA:52,3
DA:53,3
DA:54,3
DA:55,3
DA:56,3
DA:57,3
DA:58,3
DA:59,3
DA:60,3
DA:61,3
DA:62,3
DA:63,3
DA:64,3
DA:65,3
DA:66,3
DA:67,3
DA:68,3
DA:69,3
DA:70,3
DA:71,1
DA:72,1
LF:72
LH:60
BRDA:7,0,0,3
BRDA:27,1,0,0
BRDA:43,2,0,0
BRF:3
BRH:1
end_of_record
TN:
SF:src\components\ChatInterface.jsx
FN:9,ChatInterface
FN:16,scrollToBottom
FN:24,handleSubmit
FN:117,onChange
FNF:4
FNH:4
FNDA:49,ChatInterface
FNDA:9,scrollToBottom
FNDA:3,handleSubmit
FNDA:39,onChange
DA:1,1
DA:2,1
DA:3,1
DA:4,1
DA:5,1
DA:6,1
DA:7,1
DA:8,1
DA:9,1
DA:10,49
DA:11,49
DA:12,49
DA:13,49
DA:14,49
DA:15,49
DA:16,49
DA:17,9
DA:18,9
DA:19,49
DA:20,49
DA:21,9
DA:22,49
DA:23,49
DA:24,49
DA:25,3
DA:26,3
DA:27,3
DA:28,3
DA:29,3
DA:30,3
DA:31,3
DA:32,3
DA:33,3
DA:34,3
DA:35,1
DA:36,1
DA:37,1
DA:38,1
DA:39,1
DA:40,1
DA:41,1
DA:42,1
DA:43,1
DA:44,1
DA:45,1
DA:46,1
DA:47,1
DA:48,1
DA:49,1
DA:50,1
DA:51,1
DA:52,1
DA:53,3
DA:54,2
DA:55,2
DA:56,3
DA:57,49
DA:58,49
DA:59,49
DA:60,49
DA:61,49
DA:62,49
DA:63,49
DA:64,49
DA:65,49
DA:66,49
DA:67,7
DA:68,7
DA:69,7
DA:70,7
DA:71,7
DA:72,7
DA:73,7
DA:74,7
DA:75,7
DA:76,7
DA:77,5
DA:78,2
DA:79,1
DA:80,1
DA:81,7
DA:82,7
DA:83,7
DA:84,7
DA:85,0
DA:86,0
DA:87,0
DA:88,0
DA:89,0
DA:90,0
DA:91,0
DA:92,0
DA:93,7
DA:94,7
DA:95,7
DA:96,49
DA:97,49
DA:98,49
DA:99,49
DA:100,3
DA:101,3
DA:102,3
DA:103,3
DA:104,3
DA:105,3
DA:106,3
DA:107,3
DA:108,3
DA:109,49
DA:110,49
DA:111,49
DA:112,49
DA:113,49
DA:114,49
DA:115,49
DA:116,49
DA:117,49
DA:118,49
DA:119,49
DA:120,49
DA:121,49
DA:122,49
DA:123,49
DA:124,49
DA:125,49
DA:126,49
DA:127,49
DA:128,49
DA:129,49
LF:129
LH:121
BRDA:9,0,0,49
BRDA:99,1,0,3
BRDA:122,2,0,45
BRDA:16,3,0,9
BRDA:20,4,0,9
BRDA:24,5,0,3
BRDA:26,6,0,0
BRDA:34,7,0,1
BRDA:53,8,0,2
BRDA:29,9,0,3
BRDA:45,10,0,1
BRDA:52,11,0,1
BRDA:66,12,0,7
BRDA:72,13,0,5
BRDA:72,14,0,2
BRDA:76,15,0,5
BRDA:77,16,0,2
BRDA:78,17,0,1
BRDA:79,18,0,1
BRDA:84,19,0,1
BRDA:84,20,0,0
BRDA:117,21,0,39
BRF:22
BRH:20
end_of_record
TN:
SF:src\components\DocumentUpload.jsx
FN:9,DocumentUpload
FN:17,handleFileChange
FN:25,handleDrop
FN:34,handleUpload
FN:46,handleReset
FN:70,onDragOver
FN:72,onClick
FNF:7
FNH:4
FNDA:12,DocumentUpload
FNDA:3,handleFileChange
FNDA:0,handleDrop
FNDA:0,handleUpload
FNDA:1,handleReset
FNDA:0,onDragOver
FNDA:6,onClick
DA:1,1
DA:2,1
DA:3,1
DA:4,1
DA:5,1
DA:6,1
DA:7,1
DA:8,1
DA:9,1
DA:10,12
DA:11,12
DA:12,12
DA:13,12
DA:14,12
DA:15,12
DA:16,12
DA:17,12
DA:18,3
DA:19,3
DA:20,3
DA:21,3
DA:22,3
DA:23,3
DA:24,12
DA:25,12
DA:26,0
DA:27,0
DA:28,0
DA:29,0
DA:30,0
DA:31,0
DA:32,0
DA:33,12
DA:34,12
DA:35,0
DA:36,0
DA:37,0
DA:38,0
DA:39,0
DA:40,0
DA:41,0
DA:42,0
DA:43,0
DA:44,0
DA:45,12
DA:46,12
DA:47,1
DA:48,1
DA:49,1
DA:50,1
DA:51,1
DA:52,1
DA:53,1
DA:54,12
DA:55,12
DA:56,7
DA:57,0
DA:58,0
DA:59,0
DA:60,12
DA:61,12
DA:62,12
DA:63,12
DA:64,12
DA:65,12
DA:66,12
DA:67,12
DA:68,12
DA:69,12
DA:70,12
DA:71,12
DA:72,12
DA:73,12
DA:74,12
DA:75,12
DA:76,12
DA:77,12
DA:78,12
DA:79,12
DA:80,12
DA:81,12
DA:82,12
DA:83,8
DA:84,8
DA:85,8
DA:86,8
DA:87,8
DA:88,8
DA:89,8
DA:90,8
DA:91,8
DA:92,3
DA:93,3
DA:94,3
DA:95,3
DA:96,3
DA:97,3
DA:98,3
DA:99,3
DA:100,3
DA:101,12
DA:102,12
DA:103,12
DA:104,12
DA:105,3
DA:106,3
DA:107,3
DA:108,3
DA:109,3
DA:110,3
DA:111,3
DA:112,3
DA:113,3
DA:114,3
DA:115,3
DA:116,3
DA:117,12
DA:118,12
DA:119,12
DA:120,0
DA:121,0
DA:122,0
DA:123,0
DA:124,0
DA:125,0
DA:126,0
DA:127,0
DA:128,0
DA:129,0
DA:130,0
DA:131,0
DA:132,0
DA:133,0
DA:134,0
DA:135,0
DA:136,0
DA:137,0
DA:138,0
DA:139,0
DA:140,0
DA:141,0
DA:142,0
DA:143,0
DA:144,12
DA:145,12
DA:146,12
DA:147,0
DA:148,0
DA:149,0
DA:150,0
DA:151,0
DA:152,0
DA:153,0
DA:154,0
DA:155,0
DA:156,0
DA:157,12
DA:158,12
DA:159,12
DA:160,12
DA:161,12
LF:161
LH:107
BRDA:9,0,0,12
BRDA:60,1,0,0
BRDA:82,2,0,8
BRDA:91,3,0,3
BRDA:104,4,0,3
BRDA:104,5,0,3
BRDA:119,6,0,0
BRDA:146,7,0,11
BRDA:146,8,0,0
BRDA:17,9,0,3
BRDA:46,10,0,1
BRDA:55,11,0,7
BRDA:56,12,0,0
BRDA:56,13,0,0
BRDA:72,14,0,6
BRF:15
BRH:10
end_of_record
TN:
SF:src\components\ThemeToggle.jsx
FN:5,ThemeToggle
FNF:1
FNH:1
FNDA:3,ThemeToggle
DA:1,1
DA:2,1
DA:3,1
DA:4,1
DA:5,1
DA:6,3
DA:7,3
DA:8,3
DA:9,3
DA:10,3
DA:11,3
DA:12,3
DA:13,3
DA:14,3
DA:15,3
DA:16,3
DA:17,3
DA:18,0
DA:19,0
DA:20,3
DA:21,3
DA:22,3
DA:23,3
LF:23
LH:21
BRDA:5,0,0,3
BRDA:14,1,0,0
BRDA:17,2,0,0
BRF:3
BRH:1
end_of_record
TN:
SF:src\components\ui\Button.jsx
FN:3,Button
FNF:1
FNH:1
FNDA:62,Button
DA:1,1
DA:2,1
DA:3,1
DA:4,62
DA:5,62
DA:6,62
DA:7,62
DA:8,62
DA:9,62
DA:10,62
DA:11,62
DA:12,62
DA:13,62
DA:14,62
DA:15,62
DA:16,62
DA:17,62
DA:18,62
DA:19,62
DA:20,62
DA:21,62
DA:22,62
DA:23,62
DA:24,62
DA:25,62
DA:26,62
DA:27,62
DA:28,62
DA:29,62
LF:29
LH:29
BRDA:3,0,0,62
BRF:1
BRH:1
end_of_record
TN:
SF:src\components\ui\Card.jsx
FN:3,Card
FN:17,CardHeader
FN:25,CardTitle
FN:33,CardContent
FNF:4
FNH:4
FNDA:63,Card
FNDA:60,CardHeader
FNDA:60,CardTitle
FNDA:60,CardContent
DA:1,1
DA:2,1
DA:3,1
DA:4,63
DA:5,63
DA:6,63
DA:7,63
DA:8,63
DA:9,63
DA:10,63
DA:11,63
DA:12,63
DA:13,63
DA:14,63
DA:15,63
DA:16,1
DA:17,1
DA:18,60
DA:19,60
DA:20,60
DA:21,60
DA:22,60
DA:23,60
DA:24,1
DA:25,1
DA:26,60
DA:27,60
DA:28,60
DA:29,60
DA:30,60
DA:31,60
DA:32,1
DA:33,1
DA:34,60
DA:35,60
DA:36,60
DA:37,60
DA:38,60
DA:39,60
LF:39
LH:39
BRDA:3,0,0,63
BRDA:17,1,0,60
BRDA:25,2,0,60
BRDA:33,3,0,60
BRF:4
BRH:4
end_of_record
TN:
SF:src\components\ui\Input.jsx
FN:3,Input
FNF:1
FNH:1
FNDA:48,Input
DA:1,1
DA:2,1
DA:3,1
DA:4,48
DA:5,48
DA:6,48
DA:7,48
DA:8,48
DA:9,48
DA:10,48
DA:11,48
DA:12,48
DA:13,48
DA:14,48
LF:14
LH:14
BRDA:3,0,0,48
BRF:1
BRH:1
end_of_record
TN:
SF:src\hooks\useDocumentStatus.js
FN:4,useDocumentStatus
FN:14,checkStatus
FNF:2
FNH:1
FNDA:3,useDocumentStatus
FNDA:0,checkStatus
DA:1,1
DA:2,1
DA:3,1
DA:4,1
DA:5,3
DA:6,3
DA:7,3
DA:8,3
DA:9,3
DA:10,3
DA:11,0
DA:12,0
DA:13,0
DA:14,0
DA:15,0
DA:16,0
DA:17,0
DA:18,0
DA:19,0
DA:20,0
DA:21,0
DA:22,0
DA:23,0
DA:24,0
DA:25,0
DA:26,0
DA:27,0
DA:28,0
DA:29,0
DA:30,0
DA:31,0
DA:32,0
DA:33,0
DA:34,0
DA:35,0
DA:36,0
DA:37,0
DA:38,0
DA:39,0
DA:40,3
DA:41,3
DA:42,3
DA:43,3
LF:43
LH:14
BRDA:4,0,0,3
BRDA:9,1,0,3
BRDA:11,2,0,0
BRF:3
BRH:2
end_of_record
TN:
SF:src\hooks\useTheme.js
FN:3,useTheme
FN:16,toggleTheme
FNF:2
FNH:1
FNDA:3,useTheme
FNDA:0,toggleTheme
DA:1,1
DA:2,1
DA:3,1
DA:4,3
DA:5,3
DA:6,3
DA:7,3
DA:8,3
DA:9,3
DA:10,3
DA:11,3
DA:12,3
DA:13,3
DA:14,3
DA:15,3
DA:16,3
DA:17,0
DA:18,0
DA:19,3
DA:20,3
DA:21,3
LF:21
LH:19
BRDA:3,0,0,3
BRDA:4,1,0,3
BRDA:6,2,0,0
BRDA:9,3,0,3
BRF:4
BRH:3
end_of_record
TN:
SF:src\lib\utils.js
FN:4,cn
FNF:1
FNH:1
FNDA:353,cn
DA:1,1
DA:2,1
DA:3,1
DA:4,1
DA:5,353
DA:6,353
LF:6
LH:6
BRDA:4,0,0,353
BRF:1
BRH:1
end_of_record
TN:
SF:src\services\api.js
FN:13,upload
FN:24,getStatus
FN:29,list
FN:34,delete
FN:41,ask
FN:50,getHistory
FNF:6
FNH:0
FNDA:0,upload
FNDA:0,getStatus
FNDA:0,list
FNDA:0,delete
FNDA:0,ask
FNDA:0,getHistory
DA:1,1
DA:2,1
DA:3,1
DA:4,1
DA:5,1
DA:6,1
DA:7,1
DA:8,1
DA:9,1
DA:10,1
DA:11,1
DA:12,1
DA:13,1
DA:14,0
DA:15,0
DA:16,0
DA:17,0
DA:18,0
DA:19,0
DA:20,0
DA:21,0
DA:22,1
DA:23,1
DA:24,1
DA:25,0
DA:26,0
DA:27,1
DA:28,1
DA:29,1
DA:30,0
DA:31,0
DA:32,1
DA:33,1
DA:34,1
DA:35,0
DA:36,0
DA:37,1
DA:38,1
DA:39,1
DA:40,1
DA:41,1
DA:42,0
DA:43,0
DA:44,0
DA:45,0
DA:46,0
DA:47,0
DA:48,1
DA:49,1
DA:50,1
DA:51,0
DA:52,0
DA:53,1
DA:54,1
DA:55,1
DA:56,1
LF:56
LH:34
BRDA:3,0,0,0
BRF:1
BRH:0
end_of_record
